timestamp: 2020-05-26T08:40:18.512195
CREATE TABLE "auth_user"(
    "id" INTEGER PRIMARY KEY AUTOINCREMENT,
    "username" CHAR(512) UNIQUE,
    "email" CHAR(512) UNIQUE,
    "password" CHAR(512),
    "first_name" CHAR(512),
    "last_name" CHAR(512),
    "sso_id" CHAR(512),
    "action_token" CHAR(512),
    "last_password_change" TIMESTAMP,
    "past_passwords_hash" TEXT
);
success!
timestamp: 2020-05-26T08:40:18.521975
CREATE TABLE "auth_user_tag_groups"(
    "id" INTEGER PRIMARY KEY AUTOINCREMENT,
    "path" CHAR(512),
    "record_id" INTEGER REFERENCES "auth_user" ("id") ON DELETE CASCADE  
);
success!
timestamp: 2020-07-11T13:27:53.362545
CREATE TABLE "zip_code"(
    "id" INTEGER PRIMARY KEY AUTOINCREMENT,
    "zip_code" CHAR(5) UNIQUE,
    "zip_type" CHAR(512),
    "primary_city" CHAR(512),
    "state" CHAR(512),
    "county" CHAR(512),
    "timezone" CHAR(512),
    "area_code" CHAR(512),
    "latitude" DOUBLE,
    "longitude" DOUBLE
);
success!
